AtherLearnFrontend/modules/aether-gemma/android/build/intermediates/manifest_merge_blame_file/debug/processDebugManifest/manifest-merger-blame-debug-report.txt
1<?xml version="1.0" encoding="utf-8"?>
2<manifest xmlns:android="http://schemas.android.com/apk/res/android"
3    package="com.aetherlearn.gemma" >
4
5    <uses-sdk android:minSdkVersion="24" />
6
7    <application>
7-->src/main/AndroidManifest.xml:2:3-5:17
8        <uses-native-library
8-->src/main/AndroidManifest.xml:3:5-86
9            android:name="libvndksupport.so"
9-->src/main/AndroidManifest.xml:3:26-58
10            android:required="false" />
10-->src/main/AndroidManifest.xml:3:59-83
11        <uses-native-library
11-->src/main/AndroidManifest.xml:3:5-86
12            android:name="libOpenCL.so"
12-->src/main/AndroidManifest.xml:3:26-58
13            android:required="false" />
13-->src/main/AndroidManifest.xml:3:59-83
14    </application>
15
16</manifest>